<?xml version="1.0" encoding="UTF-8"?>
<!-- Generated by org.testng.reporters.JUnitReportReporter -->
<testsuite skipped="0" hostname="LN0C5772E6454B" name="Handle_Page_Synchronization_Using_Awaitility.Ignoring_Exceptions" tests="1" failures="0" timestamp="04 Aug 2018 18:55:50 GMT" time="13.777" errors="0">
  <testcase name="Ignoring_Exception" time="13.777" classname="Handle_Page_Synchronization_Using_Awaitility.Ignoring_Exceptions"/>
</testsuite> <!-- Handle_Page_Synchronization_Using_Awaitility.Ignoring_Exceptions -->
