<?xml version="1.0" encoding="UTF-8"?>
<!-- Generated by org.testng.reporters.JUnitReportReporter -->
<testsuite skipped="0" hostname="LN0C5772E6454B" name="Handle_Page_Synchronization_Using_Awaitility.Handle_Page_Synchronization_Using_Awaitility" tests="1" failures="0" timestamp="04 Aug 2018 18:14:01 GMT" time="13.383" errors="0">
  <testcase name="login" time="13.383" classname="Handle_Page_Synchronization_Using_Awaitility.Handle_Page_Synchronization_Using_Awaitility"/>
</testsuite> <!-- Handle_Page_Synchronization_Using_Awaitility.Handle_Page_Synchronization_Using_Awaitility -->
