<?xml version="1.0" encoding="UTF-8"?>
<!-- Generated by org.testng.reporters.JUnitReportReporter -->
<testsuite skipped="0" hostname="LN0C5772E6454B" name="Handle_Page_Synchronization_Using_Awaitility.Waiting_For_Element_To_Appear" tests="1" failures="0" timestamp="04 Aug 2018 18:56:13 GMT" time="12.678" errors="0">
  <testcase name="Waiting_For_Element_Appears" time="12.678" classname="Handle_Page_Synchronization_Using_Awaitility.Waiting_For_Element_To_Appear"/>
</testsuite> <!-- Handle_Page_Synchronization_Using_Awaitility.Waiting_For_Element_To_Appear -->
